TN:
SF:script.js
FN:2,(anonymous_0)
FN:10,(anonymous_1)
FN:16,(anonymous_2)
FN:17,(anonymous_3)
FN:24,(anonymous_4)
FN:39,(anonymous_5)
FN:40,(anonymous_6)
FN:42,(anonymous_7)
FN:48,(anonymous_8)
FN:58,(anonymous_9)
FN:67,(anonymous_10)
FN:68,(anonymous_11)
FN:84,(anonymous_12)
FN:90,(anonymous_13)
FN:102,(anonymous_14)
FN:112,(anonymous_15)
FN:127,(anonymous_16)
FN:128,(anonymous_17)
FN:138,(anonymous_18)
FN:147,(anonymous_19)
FN:150,(anonymous_20)
FN:161,(anonymous_21)
FN:162,(anonymous_22)
FN:173,(anonymous_23)
FN:178,(anonymous_24)
FN:179,(anonymous_25)
FN:201,(anonymous_26)
FN:207,closeLightbox
FN:213,(anonymous_28)
FN:223,(anonymous_29)
FN:224,(anonymous_30)
FN:234,(anonymous_31)
FN:238,(anonymous_32)
FN:247,(anonymous_33)
FN:248,(anonymous_34)
FN:252,(anonymous_35)
FN:262,(anonymous_36)
FNF:37
FNH:37
FNDA:44,(anonymous_0)
FNDA:4,(anonymous_1)
FNDA:176,(anonymous_2)
FNDA:2,(anonymous_3)
FNDA:66,(anonymous_4)
FNDA:176,(anonymous_5)
FNDA:4,(anonymous_6)
FNDA:16,(anonymous_7)
FNDA:12,(anonymous_8)
FNDA:2,(anonymous_9)
FNDA:221,(anonymous_10)
FNDA:3,(anonymous_11)
FNDA:2,(anonymous_12)
FNDA:6,(anonymous_13)
FNDA:1,(anonymous_14)
FNDA:66,(anonymous_15)
FNDA:2,(anonymous_16)
FNDA:2,(anonymous_17)
FNDA:220,(anonymous_18)
FNDA:2,(anonymous_19)
FNDA:201,(anonymous_20)
FNDA:3,(anonymous_21)
FNDA:3,(anonymous_22)
FNDA:132,(anonymous_23)
FNDA:132,(anonymous_24)
FNDA:6,(anonymous_25)
FNDA:2,(anonymous_26)
FNDA:3,closeLightbox
FNDA:2,(anonymous_28)
FNDA:2,(anonymous_29)
FNDA:2,(anonymous_30)
FNDA:3,(anonymous_31)
FNDA:132,(anonymous_32)
FNDA:88,(anonymous_33)
FNDA:2,(anonymous_34)
FNDA:1,(anonymous_35)
FNDA:66,(anonymous_36)
DA:2,44
DA:5,44
DA:6,44
DA:7,44
DA:10,44
DA:11,4
DA:12,4
DA:16,44
DA:17,176
DA:18,2
DA:19,2
DA:24,44
DA:25,66
DA:26,66
DA:27,7
DA:28,7
DA:30,59
DA:31,59
DA:36,44
DA:37,44
DA:39,44
DA:40,176
DA:42,16
DA:44,4
DA:46,4
DA:48,4
DA:49,12
DA:51,12
DA:52,6
DA:53,6
DA:54,6
DA:56,6
DA:57,6
DA:58,6
DA:59,2
DA:67,44
DA:68,221
DA:69,3
DA:70,3
DA:71,3
DA:72,2
DA:73,2
DA:82,44
DA:83,44
DA:84,43
DA:85,2
DA:88,2
DA:89,2
DA:90,2
DA:91,6
DA:95,2
DA:96,2
DA:98,2
DA:99,2
DA:102,2
DA:103,1
DA:104,1
DA:105,1
DA:106,1
DA:112,44
DA:113,66
DA:114,66
DA:115,66
DA:116,34
DA:117,34
DA:122,44
DA:127,44
DA:128,2
DA:129,2
DA:130,1
DA:131,1
DA:137,44
DA:138,44
DA:139,220
DA:140,220
DA:141,220
DA:142,220
DA:146,44
DA:147,44
DA:148,2
DA:149,2
DA:150,2
DA:151,201
DA:152,201
DA:153,2
DA:154,2
DA:156,199
DA:161,44
DA:162,3
DA:163,3
DA:164,2
DA:165,2
DA:166,2
DA:167,2
DA:168,2
DA:173,44
DA:174,132
DA:178,44
DA:179,132
DA:180,6
DA:181,6
DA:182,6
DA:185,6
DA:186,6
DA:187,6
DA:195,6
DA:196,6
DA:199,6
DA:200,6
DA:201,6
DA:202,2
DA:203,1
DA:208,3
DA:209,3
DA:213,6
DA:214,2
DA:215,1
DA:222,44
DA:223,44
DA:224,2
DA:225,2
DA:226,1
DA:227,1
DA:228,1
DA:229,1
DA:234,44
DA:237,44
DA:238,44
DA:239,132
DA:240,132
DA:241,132
DA:242,132
DA:246,44
DA:247,44
DA:248,88
DA:249,2
DA:252,88
DA:253,1
DA:258,44
DA:259,44
DA:260,44
DA:262,44
DA:263,66
DA:264,66
DA:265,66
DA:266,66
DA:271,44
DA:350,44
DA:351,44
DA:352,44
LF:150
LH:150
BRDA:26,0,0,7
BRDA:26,0,1,59
BRDA:51,1,0,6
BRDA:51,1,1,6
BRDA:51,2,0,12
BRDA:51,2,1,9
BRDA:71,3,0,2
BRDA:71,3,1,1
BRDA:83,4,0,43
BRDA:83,4,1,1
BRDA:115,5,0,34
BRDA:115,5,1,32
BRDA:129,6,0,1
BRDA:129,6,1,1
BRDA:152,7,0,2
BRDA:152,7,1,199
BRDA:163,8,0,2
BRDA:163,8,1,1
BRDA:202,9,0,1
BRDA:202,9,1,1
BRDA:214,10,0,1
BRDA:214,10,1,1
BRDA:225,11,0,1
BRDA:225,11,1,1
BRF:24
BRH:24
end_of_record
